make --dry-run --always-make --keep-going --print-directory
make: Entering directory `/postgres/popowskm-psql/Join-Game'
cd . && ./config.status --recheck
 
running CONFIG_SHELL=/bin/sh /bin/sh ./configure --prefix=/postgres/popowskm-psql/Executables/ --enable-depend --enable-cassert --enable-debug CFLAGS=-ggdb -O0 -g3 -fno-omit-frame-pointer --no-create --no-recursion
 
checking build system type...  
x86_64-pc-linux-gnu
checking host system type... x86_64-pc-linux-gnu
checking which template to use... linux
checking whether NLS is wanted... no
checking for default port number... 5432
 
checking for block size... 8kB
 
checking for segment size... 1GB
 
checking for WAL block size... 8kB
 
checking for gcc... gcc
 
checking whether the C compiler works...  
yes
checking for C compiler default output file name... a.out
checking for suffix of executables...  

checking whether we are cross compiling...  
no
 
checking for suffix of object files...  
o
 
checking whether we are using the GNU C compiler...  
yes
 
checking whether gcc accepts -g...  
yes
 
checking for gcc option to accept ISO C89...  
none needed
 
checking for g++...  
g++
 
checking whether we are using the GNU C++ compiler...  
yes
 
checking whether g++ accepts -g...  
yes
 
checking for gawk...  
gawk
 
checking whether gcc supports -Wdeclaration-after-statement, for CFLAGS...  
yes
 
checking whether gcc supports -Wendif-labels, for CFLAGS...  
yes
 
checking whether g++ supports -Wendif-labels, for CXXFLAGS...  
yes
 
checking whether gcc supports -Wmissing-format-attribute, for CFLAGS...  
yes
 
checking whether g++ supports -Wmissing-format-attribute, for CXXFLAGS...  
yes
 
checking whether gcc supports -Wformat-security, for CFLAGS...  
yes
 
checking whether g++ supports -Wformat-security, for CXXFLAGS...  
yes
 
checking whether gcc supports -fno-strict-aliasing, for CFLAGS...  
yes
checking whether g++ supports -fno-strict-aliasing, for CXXFLAGS...  
yes
checking whether gcc supports -fwrapv, for CFLAGS...  
yes
 
checking whether g++ supports -fwrapv, for CXXFLAGS...  
yes
checking whether gcc supports -fexcess-precision=standard, for CFLAGS...  
yes
 
checking whether g++ supports -fexcess-precision=standard, for CXXFLAGS...  
no
checking whether gcc supports -funroll-loops, for CFLAGS_VECTOR...  
yes
 
checking whether gcc supports -ftree-vectorize, for CFLAGS_VECTOR...  
yes
 
checking whether gcc supports -Wunused-command-line-argument, for NOT_THE_CFLAGS...  
no
 
checking whether gcc supports -Wformat-truncation, for NOT_THE_CFLAGS...  
no
 
checking whether gcc supports -Wstringop-truncation, for NOT_THE_CFLAGS...  
no
 
checking whether the C compiler still works...  
yes
 
checking how to run the C preprocessor...  
gcc -E
 
checking allow thread-safe client libraries...  
yes
 
checking whether to build with ICU support... no
checking whether to build with Tcl... no
checking whether to build Perl modules... no
checking whether to build Python modules... no
checking whether to build with GSSAPI support... no
 
checking whether to build with PAM support...  
no
checking whether to build with BSD Authentication support... no
checking whether to build with LDAP support... no
checking whether to build with Bonjour support... no
checking whether to build with OpenSSL support... no
checking whether to build with SELinux support... no
checking whether to build with systemd support... no
 
checking for grep that handles long lines and -e...  
/bin/grep
checking for egrep...  
/bin/grep -E
 
checking for ld used by GCC...  
/bin/ld
 
checking if the linker (/bin/ld) is GNU ld...  
yes
 
checking for ranlib...  
ranlib
checking for strip... strip
checking whether it is possible to strip libraries...  
yes
 
checking for ar...  
ar
checking for a BSD-compatible install...  
/bin/install -c
checking for tar... /bin/tar
checking whether ln -s works... yes
checking for a thread-safe mkdir -p... /bin/mkdir -p
checking for bison... /bin/bison
configure: using bison (GNU Bison) 3.0.4
checking for flex... /bin/flex
configure: using flex 2.5.37
checking for perl... /bin/perl
configure: using perl 5.16.3
checking for ANSI C header files... yes
checking for sys/types.h... yes
checking for sys/stat.h... yes
checking for stdlib.h... yes
checking for string.h... yes
checking for memory.h... yes
checking for strings.h... yes
checking for inttypes.h... yes
checking for stdint.h... yes
checking for unistd.h... yes
checking if compiler needs certain flags to reject unknown flags... no
checking for the pthreads library -lpthreads... no
checking whether pthreads work without any flags...  
no
 
checking whether pthreads work with -Kthread...  
no
 
checking whether pthreads work with -kthread...  
no
checking for the pthreads library -llthread...  
no
 
checking whether pthreads work with -pthread...  
yes
 
checking for joinable pthread attribute...  
PTHREAD_CREATE_JOINABLE
 
checking if more special flags are required for pthreads...  
no
 
checking for PTHREAD_PRIO_INHERIT...  
yes
 
checking pthread.h usability...  
yes
 
checking pthread.h presence...  
yes
 
checking for pthread.h... yes
 
checking for strerror_r...  
yes
 
checking for getpwuid_r...  
yes
 
checking for gethostbyname_r...  
yes
 
checking whether strerror_r returns int...  
no
 
checking for main in -lm...  
yes
 
checking for library containing setproctitle...  
no
 
checking for library containing dlopen...  
-ldl
checking for library containing socket...  
none required
 
checking for library containing shl_load...  
no
 
checking for library containing getopt_long...  
none required
 
checking for library containing crypt...  
-lcrypt
 
checking for library containing shm_open...  
-lrt
 
checking for library containing shm_unlink...  
none required
 
checking for library containing clock_gettime...  
none required
 
checking for library containing fdatasync...  
none required
 
checking for library containing sched_yield...  
none required
 
checking for library containing gethostbyname_r...  
none required
 
checking for library containing shmget...  
none required
 
checking for library containing readline...  
-lreadline
 
checking for inflate in -lz...  
yes
 
checking for stdbool.h that conforms to C99...  
yes
 
checking for _Bool...  
yes
 
checking atomic.h usability...  
no
 
checking atomic.h presence...  
no
 
checking for atomic.h... no
 
checking crypt.h usability...  
yes
 
checking crypt.h presence...  
yes
 
checking for crypt.h... yes
 
checking dld.h usability...  
no
 
checking dld.h presence...  
no
 
checking for dld.h...  
no
 
checking fp_class.h usability...  
no
checking fp_class.h presence...  
no
 
checking for fp_class.h... no
 
checking getopt.h usability...  
yes
 
checking getopt.h presence...  
yes
 
checking for getopt.h... yes
 
checking ieeefp.h usability...  
no
 
checking ieeefp.h presence...  
no
 
checking for ieeefp.h... no
 
checking ifaddrs.h usability...  
yes
 
checking ifaddrs.h presence...  
yes
 
checking for ifaddrs.h... yes
 
checking langinfo.h usability...  
yes
 
checking langinfo.h presence...  
yes
 
checking for langinfo.h... yes
 
checking mbarrier.h usability...  
no
 
checking mbarrier.h presence...  
no
 
checking for mbarrier.h... no
 
checking poll.h usability...  
yes
 
checking poll.h presence...  
yes
 
checking for poll.h... yes
 
checking sys/epoll.h usability...  
yes
 
checking sys/epoll.h presence...  
yes
 
checking for sys/epoll.h... yes
 
checking sys/ipc.h usability...  
yes
 
checking sys/ipc.h presence...  
yes
 
checking for sys/ipc.h... yes
 
checking sys/pstat.h usability...  
no
checking sys/pstat.h presence...  
no
checking for sys/pstat.h... no
checking sys/resource.h usability...  
yes
checking sys/resource.h presence...  
yes
 
checking for sys/resource.h... yes
 
checking sys/select.h usability...  
yes
checking sys/select.h presence... yes
checking for sys/select.h... yes
checking sys/sem.h usability... yes
checking sys/sem.h presence... yes
checking for sys/sem.h... yes
checking sys/shm.h usability... yes
checking sys/shm.h presence... yes
checking for sys/shm.h... yes
checking sys/sockio.h usability... no
checking sys/sockio.h presence... no
checking for sys/sockio.h... no
checking sys/tas.h usability... no
checking sys/tas.h presence... no
checking for sys/tas.h... no
checking sys/un.h usability... yes
checking sys/un.h presence... yes
checking for sys/un.h... yes
checking termios.h usability... yes
checking termios.h presence... yes
checking for termios.h... yes
checking ucred.h usability... no
checking ucred.h presence...  
no
checking for ucred.h... no
checking utime.h usability...  
yes
 
checking utime.h presence...  
yes
 
checking for utime.h... yes
 
checking wchar.h usability...  
yes
checking wchar.h presence...  
yes
 
checking for wchar.h... yes
 
checking wctype.h usability...  
yes
 
checking wctype.h presence...  
yes
 
checking for wctype.h... yes
 
checking for net/if.h...  
yes
 
checking for sys/ucred.h...  
no
 
checking for netinet/tcp.h...  
yes
 
checking readline/readline.h usability...  
yes
 
checking readline/readline.h presence...  
yes
 
checking for readline/readline.h... yes
 
checking readline/history.h usability...  
yes
 
checking readline/history.h presence...  
yes
 
checking for readline/history.h... yes
 
checking zlib.h usability...  
yes
 
checking zlib.h presence...  
yes
 
checking for zlib.h... yes
 
checking whether byte ordering is bigendian...  
no
 
checking for inline...  
inline
 
checking for printf format archetype...  
gnu_printf
 
checking for flexible array members...  
yes
 
checking for signed types...  
yes
 
checking for __func__...  
yes
 
checking for _Static_assert...  
yes
 
checking for typeof...  
typeof
 
checking for __builtin_types_compatible_p...  
yes
 
checking for __builtin_bswap16...  
yes
 
checking for __builtin_bswap32...  
yes
 
checking for __builtin_bswap64...  
yes
 
checking for __builtin_constant_p...  
yes
 
checking for __builtin_unreachable...  
yes
 
checking for computed goto support...  
yes
 
checking for __VA_ARGS__...  
yes
 
checking whether struct tm is in sys/time.h or time.h...  
time.h
 
checking for struct tm.tm_zone...  
yes
 
checking for tzname...  
yes
 
checking for union semun...  
no
 
checking for struct sockaddr_un...  
yes
 
checking for struct sockaddr_storage...  
yes
 
checking for struct sockaddr_storage.ss_family...  
yes
 
checking for struct sockaddr_storage.__ss_family...  
no
 
checking for struct sockaddr_storage.ss_len...  
no
 
checking for struct sockaddr_storage.__ss_len...  
no
 
checking for struct sockaddr.sa_len...  
no
 
checking for struct addrinfo...  
yes
 
checking for intptr_t...  
yes
 
checking for uintptr_t...  
yes
 
checking for unsigned long long int...  
yes
 
checking for long long int...  
yes
 
checking for locale_t...  
yes
 
checking for C/C++ restrict keyword...  
__restrict
 
checking for struct cmsgcred...  
no
 
checking for struct option...  
yes
 
checking for z_streamp...  
yes
 
checking for special C compiler options needed for large files...  
no
checking for _FILE_OFFSET_BITS value needed for large files...  
no
 
checking size of off_t...  
8
 
checking size of bool...  
1
 
checking for int timezone...  
yes
 
checking types of arguments for accept()...  
int, int, struct sockaddr *, socklen_t *
 
checking whether gettimeofday takes only one argument...  
no
 
checking for wcstombs_l declaration...  
no
 
checking for cbrt...  
yes
 
checking for clock_gettime...  
make: *** [config.status] Error 1

